[37m21:41:19.314 > ts Ju[37m
[37m21:41:20.353 > [37m
21:41:20.353 > â–ˆ[37mâ–ˆ[37mâ•—â–‘â–‘[37m[37mâ–‘â–ˆâ–ˆâ•—[37m[37mâ–ˆâ–ˆâ–ˆâ•—[37m[37mâ–‘â–‘â–ˆâ–ˆ[37m[37mâ•—â–ˆâ–ˆâ•—[37mâ–‘â–‘â–‘[37mâ–‘[37mâ–‘â–‘â–ˆ[37mâ–ˆ[37mâ–ˆâ–ˆâ–ˆ[37m[37mâ•—â–‘â–‘â–ˆ[37m[37mâ–ˆâ–ˆâ–ˆâ–ˆ[37m[37mâ•—â–‘â–ˆâ–ˆ[37m[37mâ•—â–‘â–‘[37mâ–ˆ[37mâ–ˆâ•—â–ˆ[37mâ–ˆ[37mâ–ˆâ–ˆâ–ˆ[37m[37mâ–ˆâ–ˆâ•—â–ˆ[37m[37mâ–ˆâ•—â–‘â–‘[37m[37mâ–‘â–ˆâ–ˆâ•—[37m[37m
21:41:20.371 > â–ˆâ–ˆâ•‘[37m[37mâ–‘â–‘â–‘â–ˆ[37m[37mâ–ˆâ•‘â–ˆâ–ˆ[37m[37mâ–ˆâ–ˆâ•—[37mâ–‘[37mâ–ˆâ–ˆâ•‘[37mâ–ˆâ–ˆâ•‘â–‘[37m[37mâ–‘â–‘â–‘â–‘[37m[37mâ–ˆâ–ˆâ•”â•[37m[37mâ•â–ˆâ–ˆ[37mâ•—â–ˆâ–ˆâ•”[37mâ•[37mâ•â–ˆâ–ˆ[37mâ•—[37mâ–ˆâ–ˆâ•‘[37m[37mâ–‘â–ˆâ–ˆâ•”[37m[37mâ•â–ˆâ–ˆâ•”[37m[37mâ•â•â•â•[37m[37mâ•â•šâ–ˆ[37mâ–ˆ[37mâ•—â–‘â–ˆ[37m[37mâ–ˆâ•”â•
[37m21:41:20.389 > â–ˆ[37mâ–ˆâ•‘â–‘[37mâ–‘[37mâ–‘â–ˆâ–ˆ[37m[37mâ•‘â–ˆâ–ˆâ•”[37m[37mâ–ˆâ–ˆâ•—â–ˆ[37m[37mâ–ˆâ•‘â–ˆâ–ˆ[37m[37mâ•‘â–‘â–‘[37mâ–‘[37mâ–‘â–‘â–ˆ[37mâ–ˆ[37mâ•‘â–‘â–‘[37mâ–ˆ[37mâ–ˆâ•‘â–ˆ[37m[37mâ–ˆâ•‘â–‘â–‘[37m[37mâ•šâ•â•â–ˆ[37m[37mâ–ˆâ–ˆâ–ˆ[37mâ–ˆ[37mâ•â•â–‘[37mâ–ˆ[37mâ–ˆâ–ˆâ–ˆ[37m[37mâ–ˆâ•—â–‘â–‘[37m[37mâ–‘â•šâ–ˆâ–ˆ[37m[37mâ–ˆâ–ˆâ•”â•[37m[37mâ–‘
21:41:20.407 > â–ˆâ–ˆ[37m[37mâ•‘â–‘â–‘â–‘[37m[37mâ–ˆâ–ˆâ•‘[37mâ–ˆ[37mâ–ˆâ•‘â•š[37mâ–ˆ[37mâ–ˆâ–ˆâ–ˆ[37mâ•‘[37mâ–ˆâ–ˆâ•‘[37m[37mâ–‘â–‘â–‘â–‘[37m[37mâ–‘â–ˆâ–ˆâ•‘[37m[37mâ–‘â–‘â–ˆâ–ˆ[37m[37mâ•‘â–ˆâ–ˆ[37mâ•‘[37mâ–‘â–‘â–ˆ[37mâ–ˆ[37mâ•—â–ˆâ–ˆ[37m[37mâ•”â•â–ˆâ–ˆ[37m[37mâ•—â–‘â–ˆâ–ˆ[37m[37mâ•”â•â•â•[37m[37mâ–‘â–‘â–‘[37mâ–‘[37mâ•šâ–ˆâ–ˆ[37mâ•”[37mâ•â–‘â–‘[37m
[37m21:41:20.425 > â•šâ–ˆâ–ˆ[37mâ–ˆ[37mâ–ˆâ–ˆâ–ˆ[37mâ•”[37mâ•â–ˆâ–ˆ[37m[37mâ•‘â–‘â•šâ–ˆ[37m[37mâ–ˆâ–ˆâ•‘â–ˆ[37m[37mâ–ˆâ–ˆâ–ˆâ–ˆ[37m[37mâ–ˆâ–ˆâ•—[37mâ•š[37mâ–ˆâ–ˆâ–ˆ[37mâ–ˆ[37mâ–ˆâ•”â•[37m[37mâ•šâ–ˆâ–ˆâ–ˆ[37m[37mâ–ˆâ–ˆâ•”â•[37m[37mâ–ˆâ–ˆâ•‘â–‘[37m[37mâ•šâ–ˆâ–ˆ[37mâ•—[37mâ–ˆâ–ˆâ–ˆ[37mâ–ˆ[37mâ–ˆâ–ˆâ–ˆ[37m[37mâ•—â–‘â–‘â–‘[37m[37mâ–ˆâ–ˆâ•‘â–‘[37m[37mâ–‘â–‘
21:41:20.442 > â–‘[37m[37mâ•šâ•â•â•[37m[37mâ•â•â•â–‘[37m[37mâ•šâ•â•[37mâ–‘[37mâ–‘â•šâ•[37mâ•[37mâ•â•šâ•[37m[37mâ•â•â•â•[37m[37mâ•â•â–‘â•š[37m[37mâ•â•â•â•[37m[37mâ•â–‘â–‘[37mâ•š[37mâ•â•â•[37mâ•[37mâ•â–‘â•š[37mâ•[37mâ•â–‘â–‘[37m[37mâ•šâ•â•â•š[37m[37mâ•â•â•â•[37m[37mâ•â•â•â–‘[37m[37mâ–‘â–‘â•š[37mâ•[37mâ•â–‘â–‘[37mâ–‘[37m
21:41:20.460 > 
21:41:20.460 >        [37mSistema de [37mM[37mensagens Cr[37mi[37mptografadas[37m [37mem RSA
21:41:20.464 > 
[37m21:41:20.656 > I[37mn[37miciando [37mM[37mFRC522...[37m
[37m21:41:20.807 > A[37mg[37muardando[37m [37mcartao RFI[37mD[37m para teste[37m:[37m
[37m21:41:20.832 > T[37me[37mst[37me[37m de RFID co[37mn[37mcluido!
[37m21:41:21.047 > S[37mP[37mIFFS monta[37md[37mo com suces[37ms[37mo
21:41:21.050 > Arquivo[37ms[37m no SPIFFS:[37m[37m
[37m21:41:21.140 > i[37mn[37mdex.html[37m [37m(2558 bytes[37m)[37m
21:41:21.143 > success.h[37mt[37mml (3258 b[37my[37mtes)
[37m21:41:22.832 > A[37mtivando WiFi...
[37m21:41:23.332 > D[37me[37mfinindo mod[37mo[37m WiFi...[37m[37m
