[37m21:41:40.481 > 
[37m21:41:40.481 > 
[37m21:41:40.482 > â–ˆâ–ˆâ•—â–‘[37m[37mâ–‘â–‘â–ˆâ–ˆ[37mâ•—â–ˆâ–ˆ[37mâ–ˆ[37mâ•—â–‘â–‘[37mâ–ˆ[37mâ–ˆâ•—â–ˆ[37m[37mâ–ˆâ•—â–‘â–‘[37m[37mâ–‘â–‘â–‘â–‘[37m[37mâ–ˆâ–ˆâ–ˆâ–ˆ[37m[37mâ–ˆâ•—â–‘â–‘[37m[37mâ–ˆâ–ˆâ–ˆ[37mâ–ˆ[37mâ–ˆâ•—â–‘[37m[37mâ–ˆâ–ˆâ•—â–‘[37m[37mâ–‘â–ˆâ–ˆâ•—[37m[37mâ–ˆâ–ˆâ–ˆâ–ˆ[37m[37mâ–ˆâ–ˆâ–ˆâ•—[37m[37mâ–ˆâ–ˆâ•—[37mâ–‘[37mâ–‘â–‘â–ˆ[37mâ–ˆ[37mâ•—
21:41:40.499 > â–ˆ[37mâ–ˆâ•‘â–‘â–‘[37mâ–‘[37mâ–ˆâ–ˆâ•‘[37m[37mâ–ˆâ–ˆâ–ˆâ–ˆ[37m[37mâ•—â–‘â–ˆâ–ˆ[37m[37mâ•‘â–ˆâ–ˆâ•‘[37m[37mâ–‘â–‘â–‘â–‘â–‘â–ˆâ–ˆ[37mâ•”[37mâ•â•â–ˆ[37m[37mâ–ˆâ•—â–ˆâ–ˆ[37m[37mâ•”â•â•â–ˆ[37m[37mâ–ˆâ•—â–ˆâ–ˆ[37m[37mâ•‘â–‘â–ˆ[37mâ–ˆ[37mâ•”â•â–ˆ[37mâ–ˆ[37mâ•”â•â•[37m[37mâ•â•â•â•š[37m[37mâ–ˆâ–ˆâ•—â–‘[37m[37mâ–ˆâ–ˆâ•”â•[37m[37m
21:41:40.516 > â–ˆâ–ˆâ•‘[37m[37mâ–‘â–‘â–‘â–ˆ[37m[37mâ–ˆâ•‘â–ˆâ–ˆ[37m[37mâ•”â–ˆâ–ˆ[37mâ•—[37mâ–ˆâ–ˆâ•‘[37m[37mâ–ˆâ–ˆâ•‘â–‘[37m[37mâ–‘â–‘â–‘â–‘[37m[37mâ–ˆâ–ˆâ•‘â–‘[37m[37mâ–‘â–ˆâ–ˆâ•‘[37m[37mâ–ˆâ–ˆâ•‘[37mâ–‘[37mâ–‘â•šâ•[37mâ•â–ˆâ–ˆâ–ˆ[37m[37mâ–ˆâ–ˆâ•â•[37m[37mâ–‘â–ˆâ–ˆâ–ˆ[37m[37mâ–ˆâ–ˆâ•—â–‘[37m[37mâ–‘â–‘â•š[37mâ–ˆ[37mâ–ˆâ–ˆâ–ˆ[37mâ•”[37mâ•â–‘
[37m21:41:40.535 > â–ˆ[37mâ–ˆâ•‘â–‘[37mâ–‘[37mâ–‘â–ˆâ–ˆ[37m[37mâ•‘â–ˆâ–ˆâ•‘[37m[37mâ•šâ–ˆâ–ˆâ–ˆ[37m[37mâ–ˆâ•‘â–ˆâ–ˆ[37m[37mâ•‘â–‘â–‘[37mâ–‘[37mâ–‘â–‘â–ˆ[37mâ–ˆ[37mâ•‘â–‘â–‘[37mâ–ˆ[37mâ–ˆâ•‘â–ˆ[37m[37mâ–ˆâ•‘â–‘â–‘[37m[37mâ–ˆâ–ˆâ•—â–ˆ[37m[37mâ–ˆâ•”â•[37mâ–ˆ[37mâ–ˆâ•—â–‘[37mâ–ˆ[37mâ–ˆâ•”â•[37mâ•[37mâ•â–‘â–‘[37m[37mâ–‘â–‘â•šâ–ˆ[37m[37mâ–ˆâ•”â•â–‘[37m[37mâ–‘
21:41:40.552 > â•šâ–ˆ[37m[37mâ–ˆâ–ˆâ–ˆâ–ˆ[37m[37mâ–ˆâ•”â•[37mâ–ˆ[37mâ–ˆâ•‘â–‘[37mâ•š[37mâ–ˆâ–ˆâ–ˆ[37mâ•‘[37mâ–ˆâ–ˆâ–ˆ[37m[37mâ–ˆâ–ˆâ–ˆâ–ˆ[37m[37mâ•—â•šâ–ˆâ–ˆ[37m[37mâ–ˆâ–ˆâ–ˆâ•”[37m[37mâ•â•šâ–ˆ[37mâ–ˆ[37mâ–ˆâ–ˆâ–ˆ[37mâ•”[37mâ•â–ˆâ–ˆ[37m[37mâ•‘â–‘â•šâ–ˆ[37m[37mâ–ˆâ•—â–ˆâ–ˆ[37m[37mâ–ˆâ–ˆâ–ˆâ–ˆ[37m[37mâ–ˆâ•—â–‘â–‘[37m[37mâ–‘â–ˆâ–ˆ[37mâ•‘[37mâ–‘â–‘â–‘[37m
[37m21:41:40.570 > â–‘â•šâ•[37mâ•[37mâ•â•â•[37m[37mâ•â–‘â•šâ•[37m[37mâ•â–‘â–‘â•š[37m[37mâ•â•â•â•š[37m[37mâ•â•â•â•[37m[37mâ•â•â•[37mâ–‘[37mâ•šâ•â•[37mâ•[37mâ•â•â–‘[37m[37mâ–‘â•šâ•â•[37m[37mâ•â•â•â–‘[37m[37mâ•šâ•â•â–‘[37m[37mâ–‘â•šâ•[37mâ•[37mâ•šâ•â•[37mâ•[37mâ•â•â•[37m[37mâ•â–‘â–‘â–‘[37m[37mâ•šâ•â•â–‘[37m[37mâ–‘â–‘
21:41:40.587 > 
21:41:40.587 >    [37m [37m   Sistema[37m [37mde Mensagen[37ms[37m Criptograf[37ma[37mdas em RSA[37m
[37m21:41:40.592 > 
[37m21:41:40.784 > I[37mn[37micia[37mn[37mdo MFRC522.[37m.[37m.
[37m21:41:40.934 > A[37mg[37muar[37md[37mando cartao [37mR[37mFID para t[37me[37mste:
[37m21:41:40.960 > T[37me[37mste de RF[37mI[37mD concluido[37m![37m
[37m21:41:41.174 > S[37mP[37mIFFS m[37mo[37mntado com s[37mu[37mcesso
21:41:41.177 > Arq[37mu[37mivos no SPI[37mF[37mFS:
[37m21:41:41.267 > i[37mn[37mdex.h[37mt[37mml (2558 b[37my[37mtes)
21:41:41.269 > succe[37ms[37ms.html (32[37m5[37m8 bytes)
[37m21:41:42.961 > A[37mtiva[37mn[37mdo WiFi...[37m
[37m21:41:43.460 > D[37mefini[37mn[37mdo modo WiFi[37m.[37m..
